<?xml version="1.0" encoding="UTF-8"?>
<testng-results ignored="0" total="6" passed="5" failed="1" skipped="0">
  <reporter-output>
  </reporter-output>
  <suite started-at="2023-03-24T12:51:00 IST" name="Default suite" finished-at="2023-03-24T12:51:11 IST" duration-ms="11348">
    <groups>
      <group name="regression">
        <method signature="HomePage_Test.NavigateToNFT()[pri:1, instance:com.nft.home_page_Test.HomePage_Test@550dbc7a]" name="NavigateToNFT" class="com.nft.home_page_Test.HomePage_Test"/>
        <method signature="HomePage_Test.ValidateNFTLogoImage()[pri:2, instance:com.nft.home_page_Test.HomePage_Test@550dbc7a]" name="ValidateNFTLogoImage" class="com.nft.home_page_Test.HomePage_Test"/>
        <method signature="HomePage_Test.ValidateNFTcomHeaderOptions()[pri:3, instance:com.nft.home_page_Test.HomePage_Test@550dbc7a]" name="ValidateNFTcomHeaderOptions" class="com.nft.home_page_Test.HomePage_Test"/>
        <method signature="HomePage_Test.VerifyDiscoverHeaderDropDownoptions()[pri:4, instance:com.nft.home_page_Test.HomePage_Test@550dbc7a]" name="VerifyDiscoverHeaderDropDownoptions" class="com.nft.home_page_Test.HomePage_Test"/>
        <method signature="HomePage_Test.VerifyLearnHeaderDropDownoptions()[pri:5, instance:com.nft.home_page_Test.HomePage_Test@550dbc7a]" name="VerifyLearnHeaderDropDownoptions" class="com.nft.home_page_Test.HomePage_Test"/>
        <method signature="HomePage_Test.VerifySearchFieldResponse()[pri:6, instance:com.nft.home_page_Test.HomePage_Test@550dbc7a]" name="VerifySearchFieldResponse" class="com.nft.home_page_Test.HomePage_Test"/>
      </group> <!-- regression -->
    </groups>
    <test started-at="2023-03-24T12:51:00 IST" name="Default test" finished-at="2023-03-24T12:51:11 IST" duration-ms="11348">
      <class name="com.nft.home_page_Test.HomePage_Test">
        <test-method is-config="true" signature="setUp()[pri:0, instance:com.nft.home_page_Test.HomePage_Test@550dbc7a]" started-at="2023-03-24T12:51:00 IST" name="setUp" finished-at="2023-03-24T12:51:03 IST" duration-ms="3108" status="PASS">
          <reporter-output>
          </reporter-output>
        </test-method> <!-- setUp -->
        <test-method signature="NavigateToNFT()[pri:1, instance:com.nft.home_page_Test.HomePage_Test@550dbc7a]" started-at="2023-03-24T12:51:03 IST" name="NavigateToNFT" finished-at="2023-03-24T12:51:03 IST" duration-ms="176" status="PASS">
          <reporter-output>
          </reporter-output>
        </test-method> <!-- NavigateToNFT -->
        <test-method signature="ValidateNFTLogoImage()[pri:2, instance:com.nft.home_page_Test.HomePage_Test@550dbc7a]" started-at="2023-03-24T12:51:03 IST" name="ValidateNFTLogoImage" finished-at="2023-03-24T12:51:03 IST" duration-ms="384" status="PASS">
          <reporter-output>
          </reporter-output>
        </test-method> <!-- ValidateNFTLogoImage -->
        <test-method signature="ValidateNFTcomHeaderOptions()[pri:3, instance:com.nft.home_page_Test.HomePage_Test@550dbc7a]" started-at="2023-03-24T12:51:03 IST" name="ValidateNFTcomHeaderOptions" finished-at="2023-03-24T12:51:04 IST" duration-ms="460" status="PASS">
          <reporter-output>
          </reporter-output>
        </test-method> <!-- ValidateNFTcomHeaderOptions -->
        <test-method signature="VerifyDiscoverHeaderDropDownoptions()[pri:4, instance:com.nft.home_page_Test.HomePage_Test@550dbc7a]" started-at="2023-03-24T12:51:04 IST" name="VerifyDiscoverHeaderDropDownoptions" finished-at="2023-03-24T12:51:04 IST" duration-ms="284" status="PASS">
          <reporter-output>
          </reporter-output>
        </test-method> <!-- VerifyDiscoverHeaderDropDownoptions -->
        <test-method signature="VerifyLearnHeaderDropDownoptions()[pri:5, instance:com.nft.home_page_Test.HomePage_Test@550dbc7a]" started-at="2023-03-24T12:51:04 IST" name="VerifyLearnHeaderDropDownoptions" finished-at="2023-03-24T12:51:05 IST" duration-ms="1213" status="PASS">
          <reporter-output>
          </reporter-output>
        </test-method> <!-- VerifyLearnHeaderDropDownoptions -->
        <test-method signature="VerifySearchFieldResponse()[pri:6, instance:com.nft.home_page_Test.HomePage_Test@550dbc7a]" started-at="2023-03-24T12:51:05 IST" name="VerifySearchFieldResponse" finished-at="2023-03-24T12:51:11 IST" duration-ms="5512" status="FAIL">
          <exception class="java.lang.AssertionError">
            <message>
              <![CDATA[expected [true] but found [false]]]>
            </message>
            <full-stacktrace>
              <![CDATA[java.lang.AssertionError: expected [true] but found [false]
at org.testng.Assert.fail(Assert.java:99)
at org.testng.Assert.failNotEquals(Assert.java:1037)
at org.testng.Assert.assertTrue(Assert.java:45)
at org.testng.Assert.assertTrue(Assert.java:55)
at com.nft.home_page.homepage.VerifySearchFieldResponse(homepage.java:109)
at com.nft.home_page_Test.HomePage_Test.VerifySearchFieldResponse(HomePage_Test.java:51)
at java.base/jdk.internal.reflect.NativeMethodAccessorImpl.invoke0(Native Method)
at java.base/jdk.internal.reflect.NativeMethodAccessorImpl.invoke(NativeMethodAccessorImpl.java:77)
at java.base/jdk.internal.reflect.DelegatingMethodAccessorImpl.invoke(DelegatingMethodAccessorImpl.java:43)
at java.base/java.lang.reflect.Method.invoke(Method.java:568)
at org.testng.internal.MethodInvocationHelper.invokeMethod(MethodInvocationHelper.java:133)
at org.testng.internal.TestInvoker.invokeMethod(TestInvoker.java:598)
at org.testng.internal.TestInvoker.invokeTestMethod(TestInvoker.java:173)
at org.testng.internal.MethodRunner.runInSequence(MethodRunner.java:46)
at org.testng.internal.TestInvoker$MethodInvocationAgent.invoke(TestInvoker.java:824)
at org.testng.internal.TestInvoker.invokeTestMethods(TestInvoker.java:146)
at org.testng.internal.TestMethodWorker.invokeTestMethods(TestMethodWorker.java:146)
at org.testng.internal.TestMethodWorker.run(TestMethodWorker.java:128)
at java.base/java.util.ArrayList.forEach(ArrayList.java:1511)
at org.testng.TestRunner.privateRun(TestRunner.java:794)
at org.testng.TestRunner.run(TestRunner.java:596)
at org.testng.SuiteRunner.runTest(SuiteRunner.java:377)
at org.testng.SuiteRunner.runSequentially(SuiteRunner.java:371)
at org.testng.SuiteRunner.privateRun(SuiteRunner.java:332)
at org.testng.SuiteRunner.run(SuiteRunner.java:276)
at org.testng.SuiteRunnerWorker.runSuite(SuiteRunnerWorker.java:53)
at org.testng.SuiteRunnerWorker.run(SuiteRunnerWorker.java:96)
at org.testng.TestNG.runSuitesSequentially(TestNG.java:1212)
at org.testng.TestNG.runSuitesLocally(TestNG.java:1134)
at org.testng.TestNG.runSuites(TestNG.java:1063)
at org.testng.TestNG.run(TestNG.java:1031)
at org.testng.remote.AbstractRemoteTestNG.run(AbstractRemoteTestNG.java:115)
at org.testng.remote.RemoteTestNG.initAndRun(RemoteTestNG.java:251)
at org.testng.remote.RemoteTestNG.main(RemoteTestNG.java:77)
]]>
            </full-stacktrace>
          </exception> <!-- java.lang.AssertionError -->
          <reporter-output>
          </reporter-output>
        </test-method> <!-- VerifySearchFieldResponse -->
        <test-method is-config="true" signature="tearDown()[pri:0, instance:com.nft.home_page_Test.HomePage_Test@550dbc7a]" started-at="2023-03-24T12:51:11 IST" name="tearDown" finished-at="2023-03-24T12:51:11 IST" duration-ms="173" status="PASS">
          <reporter-output>
          </reporter-output>
        </test-method> <!-- tearDown -->
      </class> <!-- com.nft.home_page_Test.HomePage_Test -->
    </test> <!-- Default test -->
  </suite> <!-- Default suite -->
</testng-results>
